#
# A fatal error has been detected by the Java Runtime Environment:
#
#  EXCEPTION_ACCESS_VIOLATION (0xc0000005) at pc=0x000000006db28855, pid=3220, tid=18336
#
# JRE version: Java(TM) SE Runtime Environment (8.0_65-b17) (build 1.8.0_65-b17)
# Java VM: Java HotSpot(TM) 64-Bit Server VM (25.65-b01 mixed mode windows-amd64 compressed oops)
# Problematic frame:
# V  [jvm.dll+0x128855]
#
# Failed to write core dump. Minidumps are not enabled by default on client versions of Windows
#
# If you would like to submit a bug report, please visit:
#   http://bugreport.java.com/bugreport/crash.jsp
#

---------------  T H R E A D  ---------------

Current thread (0x0000000020849800):  JavaThread "JDWP Transport Listener: dt_socket" daemon [_thread_in_vm, id=18336, stack(0x0000000021150000,0x0000000021250000)]

siginfo: ExceptionCode=0xc0000005, reading address 0xffffffffffffffff

Registers:
RAX=0x000000002124f501, RBX=0x0000000020849800, RCX=0x63656a624f2f676e, RDX=0x0000000000000000
RSP=0x000000002124f4d0, RBP=0x63656a624f2f676e, RSI=0x000000002124f5e8, RDI=0x00000000025d8c00
R8 =0x0000000020849800, R9 =0x0000000000000001, R10=0x0000000000008000, R11=0x000000002124f420
R12=0x0000000000000000, R13=0x0000000020853ba8, R14=0x0000000000000000, R15=0x0000000000000000
RIP=0x000000006db28855, EFLAGS=0x0000000000010202

Top of Stack: (sp=0x000000002124f4d0)
0x000000002124f4d0:   0000000020849800 0000000020849800
0x000000002124f4e0:   000000002124f598 000000006dd2e19b
0x000000002124f4f0:   0000000020849800 000000006dd4a9fd
0x000000002124f500:   0000000000000000 000000006f779155
0x000000002124f510:   00000000258f2780 000000006f78291e
0x000000002124f520:   0000000020849800 0000000000000000
0x000000002124f530:   0000000000000000 0000000000000000
0x000000002124f540:   63656a624f2f676e 000000006f781a15
0x000000002124f550:   000000002124f5e8 000000002124f5c0
0x000000002124f560:   0000000000000001 00000000258f2780
0x000000002124f570:   63656a624f2f676e 000000006f7653b3
0x000000002124f580:   000000002124f6b0 0000000000000001
0x000000002124f590:   0000000000000001 00000000258f2780
0x000000002124f5a0:   0000000000000001 0000000000000000
0x000000002124f5b0:   0000000000000000 0000000000000000
0x000000002124f5c0:   0000000000000001 000000006f765571 

Instructions: (pc=0x000000006db28855)
0x000000006db28835:   cc cc cc cc cc cc cc cc cc cc cc 48 83 ec 28 48
0x000000006db28845:   85 c9 75 07 33 c0 48 83 c4 28 c3 48 89 5c 24 20
0x000000006db28855:   48 8b 19 48 85 db 74 20 48 83 fb 37 74 1a 48 8b
0x000000006db28865:   13 48 8b cb ff 52 10 84 c0 74 0d 48 8b c3 48 8b 


Register to memory mapping:

RAX=0x000000002124f501 is pointing into the stack for thread: 0x0000000020849800
RBX=0x0000000020849800 is a thread
RCX=0x63656a624f2f676e is an unknown value
RDX=0x0000000000000000 is an unknown value
RSP=0x000000002124f4d0 is pointing into the stack for thread: 0x0000000020849800
RBP=0x63656a624f2f676e is an unknown value
RSI=0x000000002124f5e8 is pointing into the stack for thread: 0x0000000020849800
RDI=0x00000000025d8c00 is an unknown value
R8 =0x0000000020849800 is a thread
R9 =0x0000000000000001 is an unknown value
R10=0x0000000000008000 is an unknown value
R11=0x000000002124f420 is pointing into the stack for thread: 0x0000000020849800
R12=0x0000000000000000 is an unknown value
R13=0x0000000020853ba8 is an unknown value
R14=0x0000000000000000 is an unknown value
R15=0x0000000000000000 is an unknown value


Stack: [0x0000000021150000,0x0000000021250000],  sp=0x000000002124f4d0,  free space=1021k
Native frames: (J=compiled Java code, j=interpreted, Vv=VM code, C=native code)
V  [jvm.dll+0x128855]
V  [jvm.dll+0x34a9fd]
C  [jdwp.dll+0x21a15]
C  [jdwp.dll+0x53b3]
C  [jdwp.dll+0x5571]
C  [jdwp.dll+0xf0a8]
C  [jdwp.dll+0x1f2d5]
C  [jdwp.dll+0x1f4aa]
V  [jvm.dll+0x1bb8f8]
V  [jvm.dll+0x243144]
V  [jvm.dll+0x299f7a]
C  [msvcr100.dll+0x21d9f]
C  [msvcr100.dll+0x21e3b]
C  [KERNEL32.DLL+0x17034]
C  [ntdll.dll+0x52651]


---------------  P R O C E S S  ---------------

Java Threads: ( => current thread )
  0x0000000022428000 JavaThread "http-nio-8080-Acceptor" daemon [_thread_in_native, id=17180, stack(0x0000000031490000,0x0000000031590000)]
  0x0000000024dd3800 JavaThread "http-nio-8080-Poller" daemon [_thread_in_native, id=17496, stack(0x0000000031390000,0x0000000031490000)]
  0x0000000024dd5800 JavaThread "http-nio-8080-exec-10" daemon [_thread_blocked, id=9060, stack(0x0000000031290000,0x0000000031390000)]
  0x0000000024dd2800 JavaThread "http-nio-8080-exec-9" daemon [_thread_blocked, id=7728, stack(0x0000000031190000,0x0000000031290000)]
  0x0000000024dd5000 JavaThread "http-nio-8080-exec-8" daemon [_thread_blocked, id=8932, stack(0x0000000031090000,0x0000000031190000)]
  0x0000000024dd9800 JavaThread "http-nio-8080-exec-7" daemon [_thread_blocked, id=1516, stack(0x0000000030f90000,0x0000000031090000)]
  0x0000000024dd8800 JavaThread "http-nio-8080-exec-6" daemon [_thread_blocked, id=10980, stack(0x0000000030e90000,0x0000000030f90000)]
  0x0000000024dd6800 JavaThread "http-nio-8080-exec-5" daemon [_thread_blocked, id=14820, stack(0x0000000030d90000,0x0000000030e90000)]
  0x000000003066f000 JavaThread "http-nio-8080-exec-4" daemon [_thread_blocked, id=1380, stack(0x0000000030c90000,0x0000000030d90000)]
  0x0000000030671800 JavaThread "http-nio-8080-exec-3" daemon [_thread_blocked, id=11556, stack(0x0000000030b90000,0x0000000030c90000)]
  0x0000000030670800 JavaThread "http-nio-8080-exec-2" daemon [_thread_blocked, id=18488, stack(0x000000002f800000,0x000000002f900000)]
  0x0000000030667800 JavaThread "http-nio-8080-exec-1" daemon [_thread_blocked, id=17580, stack(0x000000002f700000,0x000000002f800000)]
  0x000000003066a800 JavaThread "File Watcher" daemon [_thread_blocked, id=13044, stack(0x000000002f500000,0x000000002f600000)]
  0x000000003066c000 JavaThread "container-0" [_thread_blocked, id=1816, stack(0x000000002dc00000,0x000000002dd00000)]
  0x000000003066d800 JavaThread "Catalina-utility-2" [_thread_blocked, id=14876, stack(0x0000000027f60000,0x0000000028060000)]
  0x0000000030664000 JavaThread "Catalina-utility-1" [_thread_blocked, id=17068, stack(0x0000000026bf0000,0x0000000026cf0000)]
  0x0000000030666000 JavaThread "HikariPool-14 housekeeper" daemon [_thread_blocked, id=6212, stack(0x00000000269f0000,0x0000000026af0000)]
  0x000000003066a000 JavaThread "DestroyJavaVM" [_thread_blocked, id=5932, stack(0x00000000024d0000,0x00000000025d0000)]
  0x0000000024dd4000 JavaThread "Live Reload Server" daemon [_thread_in_native, id=14524, stack(0x000000002b9d0000,0x000000002bad0000)]
  0x0000000029596800 JavaThread "mysql-cj-abandoned-connection-cleanup" daemon [_thread_blocked, id=2644, stack(0x00000000239f0000,0x0000000023af0000)]
  0x00000000208c4000 JavaThread "Service Thread" daemon [_thread_blocked, id=14928, stack(0x0000000021850000,0x0000000021950000)]
  0x0000000020874000 JavaThread "C1 CompilerThread3" daemon [_thread_blocked, id=14864, stack(0x0000000021750000,0x0000000021850000)]
  0x0000000020872800 JavaThread "C2 CompilerThread2" daemon [_thread_blocked, id=8784, stack(0x0000000021650000,0x0000000021750000)]
  0x0000000020871800 JavaThread "C2 CompilerThread1" daemon [_thread_blocked, id=21260, stack(0x0000000021550000,0x0000000021650000)]
  0x0000000020869000 JavaThread "C2 CompilerThread0" daemon [_thread_blocked, id=7240, stack(0x0000000021450000,0x0000000021550000)]
  0x0000000020858000 JavaThread "JDWP Command Reader" daemon [_thread_in_native, id=11748, stack(0x0000000021350000,0x0000000021450000)]
  0x0000000020855800 JavaThread "JDWP Event Helper Thread" daemon [_thread_blocked, id=8732, stack(0x0000000021250000,0x0000000021350000)]
=>0x0000000020849800 JavaThread "JDWP Transport Listener: dt_socket" daemon [_thread_in_vm, id=18336, stack(0x0000000021150000,0x0000000021250000)]
  0x0000000020840000 JavaThread "Attach Listener" daemon [_thread_blocked, id=16480, stack(0x0000000020d10000,0x0000000020e10000)]
  0x000000002083f800 JavaThread "Signal Dispatcher" daemon [_thread_blocked, id=15712, stack(0x0000000020c10000,0x0000000020d10000)]
  0x0000000002779000 JavaThread "Finalizer" daemon [_thread_blocked, id=13208, stack(0x00000000205f0000,0x00000000206f0000)]
  0x0000000002778000 JavaThread "Reference Handler" daemon [_thread_blocked, id=11564, stack(0x00000000204f0000,0x00000000205f0000)]

Other Threads:
  0x000000001e6f9800 VMThread [stack: 0x00000000203f0000,0x00000000204f0000] [id=16104]
  0x000000002097d000 WatcherThread [stack: 0x0000000021950000,0x0000000021a50000] [id=14656]

VM state:not at safepoint (normal execution)

VM Mutex/Monitor currently owned by a thread: None

Heap:
 PSYoungGen      total 400896K, used 193786K [0x0000000755f00000, 0x000000076fc00000, 0x00000007c0000000)
  eden space 394240K, 49% used [0x0000000755f00000,0x0000000761c3e930,0x000000076e000000)
  from space 6656K, 0% used [0x000000076e000000,0x000000076e000000,0x000000076e680000)
  to   space 14336K, 0% used [0x000000076ee00000,0x000000076ee00000,0x000000076fc00000)
 ParOldGen       total 248320K, used 26729K [0x0000000681c00000, 0x0000000690e80000, 0x0000000755f00000)
  object space 248320K, 10% used [0x0000000681c00000,0x000000068361a710,0x0000000690e80000)
 Metaspace       used 69125K, capacity 74012K, committed 74112K, reserved 1114112K
  class space    used 8913K, capacity 9818K, committed 9856K, reserved 1048576K

Card table byte_map: [0x0000000011b40000,0x0000000012540000] byte_map_base: 0x000000000e732000

Marking Bits: (ParMarkBitMap*) 0x000000006e20a5b0
 Begin Bits: [0x00000000133f0000, 0x0000000018380000)
 End Bits:   [0x0000000018380000, 0x000000001d310000)

Polling page: 0x0000000000890000

CodeCache: size=245760Kb used=33321Kb max_used=33543Kb free=212438Kb
 bounds [0x0000000002780000, 0x0000000004880000, 0x0000000011780000]
 total_blobs=9132 nmethods=8581 adapters=469
 compilation: enabled

Compilation events (10 events):
Event: 2935.075 Thread 0x0000000020874000 nmethod 10988 0x0000000002ebc810 code [0x0000000002ebc980, 0x0000000002ebcd28]
Event: 2935.075 Thread 0x0000000020874000 10989       1       org.hibernate.boot.internal.SessionFactoryOptionsBuilder::isCommentsEnabled (5 bytes)
Event: 2935.075 Thread 0x0000000020874000 nmethod 10989 0x00000000041397d0 code [0x0000000004139920, 0x0000000004139a30]
Event: 2935.076 Thread 0x0000000020874000 10990       1       org.hibernate.engine.spi.EntityKey::getIdentifier (5 bytes)
Event: 2935.076 Thread 0x0000000020874000 nmethod 10990 0x0000000003800e90 code [0x0000000003800fe0, 0x00000000038010f0]
Event: 2935.077 Thread 0x0000000020872800 nmethod 10987 0x0000000002dd1250 code [0x0000000002dd13e0, 0x0000000002dd1968]
Event: 2941.906 Thread 0x0000000020874000 10991       3       java.util.Calendar::aggregateStamp (21 bytes)
Event: 2941.906 Thread 0x0000000020874000 nmethod 10991 0x0000000003a5a610 code [0x0000000003a5a760, 0x0000000003a5a970]
Event: 2941.907 Thread 0x0000000020874000 10992       1       java.util.Calendar::isLenient (5 bytes)
Event: 2941.907 Thread 0x0000000020874000 nmethod 10992 0x0000000003c37b90 code [0x0000000003c37ce0, 0x0000000003c37df0]

GC Heap History (10 events):
Event: 2073.765 GC heap before
{Heap before GC invocations=33 (full 14):
 PSYoungGen      total 401408K, used 6833K [0x0000000755f00000, 0x000000076fe00000, 0x00000007c0000000)
  eden space 394240K, 0% used [0x0000000755f00000,0x0000000755f00000,0x000000076e000000)
  from space 7168K, 95% used [0x000000076e000000,0x000000076e6ac568,0x000000076e700000)
  to   space 15360K, 0% used [0x000000076ef00000,0x000000076ef00000,0x000000076fe00000)
 ParOldGen       total 248320K, used 26112K [0x0000000681c00000, 0x0000000690e80000, 0x0000000755f00000)
  object space 248320K, 10% used [0x0000000681c00000,0x0000000683580038,0x0000000690e80000)
 Metaspace       used 67911K, capacity 72692K, committed 72960K, reserved 1112064K
  class space    used 8833K, capacity 9691K, committed 9728K, reserved 1048576K
Event: 2073.858 GC heap after
Heap after GC invocations=33 (full 14):
 PSYoungGen      total 401408K, used 0K [0x0000000755f00000, 0x000000076fe00000, 0x00000007c0000000)
  eden space 394240K, 0% used [0x0000000755f00000,0x0000000755f00000,0x000000076e000000)
  from space 7168K, 0% used [0x000000076e000000,0x000000076e000000,0x000000076e700000)
  to   space 15360K, 0% used [0x000000076ef00000,0x000000076ef00000,0x000000076fe00000)
 ParOldGen       total 248320K, used 24051K [0x0000000681c00000, 0x0000000690e80000, 0x0000000755f00000)
  object space 248320K, 9% used [0x0000000681c00000,0x000000068337cfb0,0x0000000690e80000)
 Metaspace       used 67906K, capacity 72680K, committed 72960K, reserved 1112064K
  class space    used 8832K, capacity 9687K, committed 9728K, reserved 1048576K
}
Event: 2458.619 GC heap before
{Heap before GC invocations=34 (full 14):
 PSYoungGen      total 401408K, used 203893K [0x0000000755f00000, 0x000000076fe00000, 0x00000007c0000000)
  eden space 394240K, 51% used [0x0000000755f00000,0x000000076261d5b0,0x000000076e000000)
  from space 7168K, 0% used [0x000000076e000000,0x000000076e000000,0x000000076e700000)
  to   space 15360K, 0% used [0x000000076ef00000,0x000000076ef00000,0x000000076fe00000)
 ParOldGen       total 248320K, used 24051K [0x0000000681c00000, 0x0000000690e80000, 0x0000000755f00000)
  object space 248320K, 9% used [0x0000000681c00000,0x000000068337cfb0,0x0000000690e80000)
 Metaspace       used 68313K, capacity 73014K, committed 73344K, reserved 1112064K
  class space    used 8858K, capacity 9731K, committed 9856K, reserved 1048576K
Event: 2458.624 GC heap after
Heap after GC invocations=34 (full 14):
 PSYoungGen      total 408576K, used 7672K [0x0000000755f00000, 0x000000076fd00000, 0x00000007c0000000)
  eden space 394240K, 0% used [0x0000000755f00000,0x0000000755f00000,0x000000076e000000)
  from space 14336K, 53% used [0x000000076ef00000,0x000000076f67e298,0x000000076fd00000)
  to   space 14848K, 0% used [0x000000076e000000,0x000000076e000000,0x000000076ee80000)
 ParOldGen       total 248320K, used 24059K [0x0000000681c00000, 0x0000000690e80000, 0x0000000755f00000)
  object space 248320K, 9% used [0x0000000681c00000,0x000000068337efb0,0x0000000690e80000)
 Metaspace       used 68313K, capacity 73014K, committed 73344K, reserved 1112064K
  class space    used 8858K, capacity 9731K, committed 9856K, reserved 1048576K
}
Event: 2458.624 GC heap before
{Heap before GC invocations=35 (full 15):
 PSYoungGen      total 408576K, used 7672K [0x0000000755f00000, 0x000000076fd00000, 0x00000007c0000000)
  eden space 394240K, 0% used [0x0000000755f00000,0x0000000755f00000,0x000000076e000000)
  from space 14336K, 53% used [0x000000076ef00000,0x000000076f67e298,0x000000076fd00000)
  to   space 14848K, 0% used [0x000000076e000000,0x000000076e000000,0x000000076ee80000)
 ParOldGen       total 248320K, used 24059K [0x0000000681c00000, 0x0000000690e80000, 0x0000000755f00000)
  object space 248320K, 9% used [0x0000000681c00000,0x000000068337efb0,0x0000000690e80000)
 Metaspace       used 68313K, capacity 73014K, committed 73344K, reserved 1112064K
  class space    used 8858K, capacity 9731K, committed 9856K, reserved 1048576K
Event: 2458.720 GC heap after
Heap after GC invocations=35 (full 15):
 PSYoungGen      total 408576K, used 0K [0x0000000755f00000, 0x000000076fd00000, 0x00000007c0000000)
  eden space 394240K, 0% used [0x0000000755f00000,0x0000000755f00000,0x000000076e000000)
  from space 14336K, 0% used [0x000000076ef00000,0x000000076ef00000,0x000000076fd00000)
  to   space 14848K, 0% used [0x000000076e000000,0x000000076e000000,0x000000076ee80000)
 ParOldGen       total 248320K, used 24434K [0x0000000681c00000, 0x0000000690e80000, 0x0000000755f00000)
  object space 248320K, 9% used [0x0000000681c00000,0x00000006833dcb38,0x0000000690e80000)
 Metaspace       used 68310K, capacity 73008K, committed 73344K, reserved 1112064K
  class space    used 8857K, capacity 9729K, committed 9856K, reserved 1048576K
}
Event: 2572.585 GC heap before
{Heap before GC invocations=36 (full 15):
 PSYoungGen      total 408576K, used 183282K [0x0000000755f00000, 0x000000076fd00000, 0x00000007c0000000)
  eden space 394240K, 46% used [0x0000000755f00000,0x00000007611fc8d8,0x000000076e000000)
  from space 14336K, 0% used [0x000000076ef00000,0x000000076ef00000,0x000000076fd00000)
  to   space 14848K, 0% used [0x000000076e000000,0x000000076e000000,0x000000076ee80000)
 ParOldGen       total 248320K, used 24434K [0x0000000681c00000, 0x0000000690e80000, 0x0000000755f00000)
  object space 248320K, 9% used [0x0000000681c00000,0x00000006833dcb38,0x0000000690e80000)
 Metaspace       used 68744K, capacity 73522K, committed 73856K, reserved 1114112K
  class space    used 8883K, capacity 9771K, committed 9856K, reserved 1048576K
Event: 2572.589 GC heap after
Heap after GC invocations=36 (full 15):
 PSYoungGen      total 400896K, used 6546K [0x0000000755f00000, 0x000000076fc00000, 0x00000007c0000000)
  eden space 394240K, 0% used [0x0000000755f00000,0x0000000755f00000,0x000000076e000000)
  from space 6656K, 98% used [0x000000076e000000,0x000000076e6649a8,0x000000076e680000)
  to   space 14336K, 0% used [0x000000076ee00000,0x000000076ee00000,0x000000076fc00000)
 ParOldGen       total 248320K, used 24442K [0x0000000681c00000, 0x0000000690e80000, 0x0000000755f00000)
  object space 248320K, 9% used [0x0000000681c00000,0x00000006833deb38,0x0000000690e80000)
 Metaspace       used 68744K, capacity 73522K, committed 73856K, reserved 1114112K
  class space    used 8883K, capacity 9771K, committed 9856K, reserved 1048576K
}
Event: 2572.589 GC heap before
{Heap before GC invocations=37 (full 16):
 PSYoungGen      total 400896K, used 6546K [0x0000000755f00000, 0x000000076fc00000, 0x00000007c0000000)
  eden space 394240K, 0% used [0x0000000755f00000,0x0000000755f00000,0x000000076e000000)
  from space 6656K, 98% used [0x000000076e000000,0x000000076e6649a8,0x000000076e680000)
  to   space 14336K, 0% used [0x000000076ee00000,0x000000076ee00000,0x000000076fc00000)
 ParOldGen       total 248320K, used 24442K [0x0000000681c00000, 0x0000000690e80000, 0x0000000755f00000)
  object space 248320K, 9% used [0x0000000681c00000,0x00000006833deb38,0x0000000690e80000)
 Metaspace       used 68744K, capacity 73522K, committed 73856K, reserved 1114112K
  class space    used 8883K, capacity 9771K, committed 9856K, reserved 1048576K
Event: 2572.700 GC heap after
Heap after GC invocations=37 (full 16):
 PSYoungGen      total 400896K, used 0K [0x0000000755f00000, 0x000000076fc00000, 0x00000007c0000000)
  eden space 394240K, 0% used [0x0000000755f00000,0x0000000755f00000,0x000000076e000000)
  from space 6656K, 0% used [0x000000076e000000,0x000000076e000000,0x000000076e680000)
  to   space 14336K, 0% used [0x000000076ee00000,0x000000076ee00000,0x000000076fc00000)
 ParOldGen       total 248320K, used 26729K [0x0000000681c00000, 0x0000000690e80000, 0x0000000755f00000)
  object space 248320K, 10% used [0x0000000681c00000,0x000000068361a710,0x0000000690e80000)
 Metaspace       used 68744K, capacity 73522K, committed 73856K, reserved 1114112K
  class space    used 8883K, capacity 9771K, committed 9856K, reserved 1048576K
}

Deoptimization events (10 events):
Event: 2692.735 Thread 0x0000000030667800 Uncommon trap: reason=unhandled action=none pc=0x0000000004049c20 method=java.net.URLClassLoader.findClass(Ljava/lang/String;)Ljava/lang/Class; @ 44
Event: 2692.735 Thread 0x0000000030667800 Uncommon trap: reason=unhandled action=none pc=0x0000000002fb5920 method=java.net.URLClassLoader.findClass(Ljava/lang/String;)Ljava/lang/Class; @ 44
Event: 2692.735 Thread 0x0000000030667800 Uncommon trap: reason=unhandled action=none pc=0x0000000002fb5920 method=java.net.URLClassLoader.findClass(Ljava/lang/String;)Ljava/lang/Class; @ 44
Event: 2692.735 Thread 0x0000000030667800 Uncommon trap: reason=unhandled action=none pc=0x0000000004049c20 method=java.net.URLClassLoader.findClass(Ljava/lang/String;)Ljava/lang/Class; @ 44
Event: 2692.736 Thread 0x0000000030667800 Uncommon trap: reason=unhandled action=none pc=0x0000000002fb5920 method=java.net.URLClassLoader.findClass(Ljava/lang/String;)Ljava/lang/Class; @ 44
Event: 2692.736 Thread 0x0000000030667800 Uncommon trap: reason=unhandled action=none pc=0x0000000002fb5920 method=java.net.URLClassLoader.findClass(Ljava/lang/String;)Ljava/lang/Class; @ 44
Event: 2692.805 Thread 0x0000000030670800 Uncommon trap: reason=unhandled action=none pc=0x0000000003c191b0 method=java.lang.Class.getMethod(Ljava/lang/String;[Ljava/lang/Class;)Ljava/lang/reflect/Method; @ 61
Event: 2692.809 Thread 0x0000000030670800 Uncommon trap: reason=range_check action=none pc=0x0000000002a6a6e4 method=sun.reflect.generics.parser.SignatureParser.current()C @ 34
Event: 2692.809 Thread 0x0000000030670800 Uncommon trap: reason=unhandled action=none pc=0x0000000004049c20 method=java.net.URLClassLoader.findClass(Ljava/lang/String;)Ljava/lang/Class; @ 44
Event: 2700.721 Thread 0x0000000030670800 Uncommon trap: reason=range_check action=none pc=0x0000000002a6a6e4 method=sun.reflect.generics.parser.SignatureParser.current()C @ 34

Internal exceptions (10 events):
Event: 2573.300 Thread 0x0000000030667000 Exception <a 'java/lang/ArrayIndexOutOfBoundsException': 46> (0x000000076069f650) thrown at [C:\workspace\8-2-build-windows-amd64-cygwin\jdk8u65\4987\hotspot\src\share\vm\interpreter\interpreterRuntime.cpp, line 366]
Event: 2573.300 Thread 0x0000000030667000 Exception <a 'java/lang/ArrayIndexOutOfBoundsException': 46> (0x00000007606a5490) thrown at [C:\workspace\8-2-build-windows-amd64-cygwin\jdk8u65\4987\hotspot\src\share\vm\interpreter\interpreterRuntime.cpp, line 366]
Event: 2573.300 Thread 0x0000000030667000 Exception <a 'java/lang/ArrayIndexOutOfBoundsException': 46> (0x00000007606adff8) thrown at [C:\workspace\8-2-build-windows-amd64-cygwin\jdk8u65\4987\hotspot\src\share\vm\interpreter\interpreterRuntime.cpp, line 366]
Event: 2573.300 Thread 0x0000000030667000 Exception <a 'java/lang/ArrayIndexOutOfBoundsException': 46> (0x00000007606b4370) thrown at [C:\workspace\8-2-build-windows-amd64-cygwin\jdk8u65\4987\hotspot\src\share\vm\interpreter\interpreterRuntime.cpp, line 366]
Event: 2673.166 Thread 0x0000000030670000 Exception <a 'java/lang/ArrayIndexOutOfBoundsException': 26> (0x00000007607c6d68) thrown at [C:\workspace\8-2-build-windows-amd64-cygwin\jdk8u65\4987\hotspot\src\share\vm\interpreter\interpreterRuntime.cpp, line 366]
Event: 2673.168 Thread 0x0000000030670000 Exception <a 'java/lang/reflect/InvocationTargetException'> (0x00000007607da6e0) thrown at [C:\workspace\8-2-build-windows-amd64-cygwin\jdk8u65\4987\hotspot\src\share\vm\runtime\reflection.cpp, line 1092]
Event: 2692.734 Thread 0x0000000030667800 Exception <a 'java/lang/ClassNotFoundException': java/lang/ObjectCustomizer> (0x000000075f742690) thrown at [C:\workspace\8-2-build-windows-amd64-cygwin\jdk8u65\4987\hotspot\src\share\vm\classfile\systemDictionary.cpp, line 210]
Event: 2692.737 Thread 0x0000000030667800 Exception <a 'java/lang/ClassNotFoundException': com/solo/domain/model/PlantaoCustomizer> (0x000000075f75caf8) thrown at [C:\workspace\8-2-build-windows-amd64-cygwin\jdk8u65\4987\hotspot\src\share\vm\classfile\systemDictionary.cpp, line 210]
Event: 2692.809 Thread 0x0000000030670800 Exception <a 'java/lang/ArrayIndexOutOfBoundsException': 51> (0x000000075f85f438) thrown at [C:\workspace\8-2-build-windows-amd64-cygwin\jdk8u65\4987\hotspot\src\share\vm\interpreter\interpreterRuntime.cpp, line 366]
Event: 2700.721 Thread 0x0000000030670800 Exception <a 'java/lang/ArrayIndexOutOfBoundsException': 46> (0x000000075f870928) thrown at [C:\workspace\8-2-build-windows-amd64-cygwin\jdk8u65\4987\hotspot\src\share\vm\interpreter\interpreterRuntime.cpp, line 366]

Events (10 events):
Event: 2944.750 Executing VM operation: EnterInterpOnlyMode
Event: 2944.750 Executing nested VM operation: Deoptimize
Event: 2944.752 Executing nested VM operation: Deoptimize done
Event: 2944.752 Executing VM operation: EnterInterpOnlyMode done
Event: 2944.752 Executing VM operation: ChangeSingleStep
Event: 2944.752 Executing VM operation: ChangeSingleStep done
Event: 2944.752 Executing VM operation: ChangeSingleStep
Event: 2944.752 Executing VM operation: ChangeSingleStep done
Event: 2944.769 Executing VM operation: RedefineClasses
Event: 2945.190 Executing VM operation: RedefineClasses done


Dynamic libraries:
0x00007ff7219a0000 - 0x00007ff7219d7000 	C:\Program Files\java\jdk1.8.0_65\bin\javaw.exe
0x00007ff8d28d0000 - 0x00007ff8d2ac5000 	C:\Windows\SYSTEM32\ntdll.dll
0x00007ff8d1c90000 - 0x00007ff8d1d4d000 	C:\Windows\System32\KERNEL32.DLL
0x00007ff8d0180000 - 0x00007ff8d0448000 	C:\Windows\System32\KERNELBASE.dll
0x00007ff8d1a50000 - 0x00007ff8d1afc000 	C:\Windows\System32\ADVAPI32.dll
0x00007ff8d2580000 - 0x00007ff8d261e000 	C:\Windows\System32\msvcrt.dll
0x00007ff8d2350000 - 0x00007ff8d23eb000 	C:\Windows\System32\sechost.dll
0x00007ff8d0940000 - 0x00007ff8d0a6b000 	C:\Windows\System32\RPCRT4.dll
0x00007ff8d1210000 - 0x00007ff8d13b0000 	C:\Windows\System32\USER32.dll
0x00007ff8d05c0000 - 0x00007ff8d05e2000 	C:\Windows\System32\win32u.dll
0x00007ff8d1940000 - 0x00007ff8d196a000 	C:\Windows\System32\GDI32.dll
0x00007ff8d0070000 - 0x00007ff8d017b000 	C:\Windows\System32\gdi32full.dll
0x00007ff8d08a0000 - 0x00007ff8d093d000 	C:\Windows\System32\msvcp_win.dll
0x00007ff8d05f0000 - 0x00007ff8d06f0000 	C:\Windows\System32\ucrtbase.dll
0x00007ff8bffe0000 - 0x00007ff8c027a000 	C:\Windows\WinSxS\amd64_microsoft.windows.common-controls_6595b64144ccf1df_6.0.19041.1052_none_60b8f8fd71f5e8cb\COMCTL32.dll
0x00007ff8d1710000 - 0x00007ff8d1740000 	C:\Windows\System32\IMM32.DLL
0x000000006f820000 - 0x000000006f8f2000 	C:\Program Files\java\jdk1.8.0_65\jre\bin\msvcr100.dll
0x000000006da00000 - 0x000000006e289000 	C:\Program Files\java\jdk1.8.0_65\jre\bin\server\jvm.dll
0x00007ff8d2570000 - 0x00007ff8d2578000 	C:\Windows\System32\PSAPI.DLL
0x00007ff8bbd10000 - 0x00007ff8bbd37000 	C:\Windows\SYSTEM32\WINMM.dll
0x00007ff8c5f40000 - 0x00007ff8c5f49000 	C:\Windows\SYSTEM32\WSOCK32.dll
0x00007ff8c83d0000 - 0x00007ff8c83da000 	C:\Windows\SYSTEM32\VERSION.dll
0x00007ff8d22d0000 - 0x00007ff8d233b000 	C:\Windows\System32\WS2_32.dll
0x000000006f9f0000 - 0x000000006f9ff000 	C:\Program Files\java\jdk1.8.0_65\jre\bin\verify.dll
0x000000006f9c0000 - 0x000000006f9e9000 	C:\Program Files\java\jdk1.8.0_65\jre\bin\java.dll
0x000000006f760000 - 0x000000006f795000 	C:\Program Files\java\jdk1.8.0_65\jre\bin\jdwp.dll
0x000000006f800000 - 0x000000006f808000 	C:\Program Files\java\jdk1.8.0_65\jre\bin\npt.dll
0x000000006f970000 - 0x000000006f986000 	C:\Program Files\java\jdk1.8.0_65\jre\bin\zip.dll
0x00007ff8d0a70000 - 0x00007ff8d11af000 	C:\Windows\System32\SHELL32.dll
0x00007ff8ce110000 - 0x00007ff8ce8a0000 	C:\Windows\SYSTEM32\windows.storage.dll
0x00007ff8d13b0000 - 0x00007ff8d1705000 	C:\Windows\System32\combase.dll
0x00007ff8cf9b0000 - 0x00007ff8cf9dc000 	C:\Windows\SYSTEM32\Wldp.dll
0x00007ff8d2620000 - 0x00007ff8d26ce000 	C:\Windows\System32\SHCORE.dll
0x00007ff8d2510000 - 0x00007ff8d2565000 	C:\Windows\System32\shlwapi.dll
0x00007ff8cff50000 - 0x00007ff8cff6f000 	C:\Windows\SYSTEM32\profapi.dll
0x000000006f7f0000 - 0x000000006f7f9000 	C:\Program Files\java\jdk1.8.0_65\jre\bin\dt_socket.dll
0x00007ff8b74f0000 - 0x00007ff8b7507000 	C:\Windows\system32\napinsp.dll
0x00007ff8b74d0000 - 0x00007ff8b74eb000 	C:\Windows\system32\pnrpnsp.dll
0x00007ff8cc2c0000 - 0x00007ff8cc2d5000 	C:\Windows\system32\wshbth.dll
0x00007ff8cd2c0000 - 0x00007ff8cd2dd000 	C:\Windows\system32\NLAapi.dll
0x00007ff8cf450000 - 0x00007ff8cf48b000 	C:\Windows\SYSTEM32\IPHLPAPI.DLL
0x00007ff8cf790000 - 0x00007ff8cf7fa000 	C:\Windows\System32\mswsock.dll
0x00007ff8cf490000 - 0x00007ff8cf55c000 	C:\Windows\SYSTEM32\DNSAPI.dll
0x00007ff8d2880000 - 0x00007ff8d2888000 	C:\Windows\System32\NSI.dll
0x00007ff8b52c0000 - 0x00007ff8b52d2000 	C:\Windows\System32\winrnr.dll
0x00007ff8ca860000 - 0x00007ff8ca8df000 	C:\Windows\System32\fwpuclnt.dll
0x00007ff8d0450000 - 0x00007ff8d0477000 	C:\Windows\System32\bcrypt.dll
0x00007ff8c6660000 - 0x00007ff8c666a000 	C:\Windows\System32\rasadhlp.dll
0x000000006f810000 - 0x000000006f81d000 	C:\Program Files\java\jdk1.8.0_65\jre\bin\management.dll
0x000000006f950000 - 0x000000006f96a000 	C:\Program Files\java\jdk1.8.0_65\jre\bin\net.dll
0x000000006f930000 - 0x000000006f941000 	C:\Program Files\java\jdk1.8.0_65\jre\bin\nio.dll
0x00007ff8cf9f0000 - 0x00007ff8cfa08000 	C:\Windows\SYSTEM32\CRYPTSP.dll
0x00007ff8cf0e0000 - 0x00007ff8cf114000 	C:\Windows\system32\rsaenh.dll
0x00007ff8cff10000 - 0x00007ff8cff3e000 	C:\Windows\SYSTEM32\USERENV.dll
0x00007ff8d0530000 - 0x00007ff8d05b3000 	C:\Windows\System32\bcryptprimitives.dll
0x00007ff8cf910000 - 0x00007ff8cf91c000 	C:\Windows\SYSTEM32\CRYPTBASE.dll
0x00007ff8ca750000 - 0x00007ff8ca767000 	C:\Windows\SYSTEM32\dhcpcsvc6.DLL
0x00007ff8ca6c0000 - 0x00007ff8ca6dd000 	C:\Windows\SYSTEM32\dhcpcsvc.DLL
0x00007ff8cd770000 - 0x00007ff8cd954000 	C:\Windows\SYSTEM32\dbghelp.dll

VM Arguments:
jvm_args: -agentlib:jdwp=transport=dt_socket,suspend=y,address=localhost:62723 -Dfile.encoding=UTF-8 
java_command: com.solo.UolApplication
java_class_path (initial): C:\Users\Lenovo\Documents\documentos-dev\uol\uol\target\classes;C:\Users\Lenovo\.m2\repository\org\springframework\boot\spring-boot-starter-web\2.5.2\spring-boot-starter-web-2.5.2.jar;C:\Users\Lenovo\.m2\repository\org\springframework\boot\spring-boot-starter\2.5.2\spring-boot-starter-2.5.2.jar;C:\Users\Lenovo\.m2\repository\org\springframework\boot\spring-boot-starter-logging\2.5.2\spring-boot-starter-logging-2.5.2.jar;C:\Users\Lenovo\.m2\repository\ch\qos\logback\logback-classic\1.2.3\logback-classic-1.2.3.jar;C:\Users\Lenovo\.m2\repository\ch\qos\logback\logback-core\1.2.3\logback-core-1.2.3.jar;C:\Users\Lenovo\.m2\repository\org\apache\logging\log4j\log4j-to-slf4j\2.14.1\log4j-to-slf4j-2.14.1.jar;C:\Users\Lenovo\.m2\repository\org\apache\logging\log4j\log4j-api\2.14.1\log4j-api-2.14.1.jar;C:\Users\Lenovo\.m2\repository\org\slf4j\jul-to-slf4j\1.7.31\jul-to-slf4j-1.7.31.jar;C:\Users\Lenovo\.m2\repository\jakarta\annotation\jakarta.annotation-api\1.3.5\jakarta.annotation-api-1.3.5.jar;C:\Users\Lenovo\.m2\repository\org\yaml\snakeyaml\1.28\snakeyaml-1.28.jar;C:\Users\Lenovo\.m2\repository\org\springframework\boot\spring-boot-starter-json\2.5.2\spring-boot-starter-json-2.5.2.jar;C:\Users\Lenovo\.m2\repository\com\fasterxml\jackson\core\jackson-databind\2.12.3\jackson-databind-2.12.3.jar;C:\Users\Lenovo\.m2\repository\com\fasterxml\jackson\core\jackson-core\2.12.3\jackson-core-2.12.3.jar;C:\Users\Lenovo\.m2\repository\com\fasterxml\jackson\datatype\jackson-datatype-jdk8\2.12.3\jackson-datatype-jdk8-2.12.3.jar;C:\Users\Lenovo\.m2\repository\com\fasterxml\jackson\datatype\jackson-datatype-jsr310\2.12.3\jackson-datatype-jsr310-2.12.3.jar;C:\Users\Lenovo\.m2\repository\com\fasterxml\jackson\module\jackson-module-parameter-names\2.12.3\jackson-module-parameter-names-2.12.3.jar;C:\Users\Lenovo\.m2\repository\org\springframework\boot\spring-boot-starter-tomcat\2.5.2\spring-boot-starter-tomcat-2.5.2.jar;C:\Users\Lenovo\.m2\repository\org\apache\to
Launcher Type: SUN_STANDARD

Environment Variables:
JAVA_HOME=C:\Program Files\java\jdk1.8.0_65
CLASSPATH=C:\Program Files\IBM\WebSphere MQ\java\lib\com.ibm.mqjms.jar;C:\Program Files\IBM\WebSphere MQ\java\lib\com.ibm.mq.jar
PATH=C:\Program Files\java\jdk1.8.0_65\jre\bin;C:/Program Files/java/jdk1.8.0_65/bin/../jre/bin/server;C:/Program Files/java/jdk1.8.0_65/bin/../jre/bin;C:/Program Files/java/jdk1.8.0_65/bin/../jre/lib/amd64;C:\Program Files\IBM\WebSphere MQ\java\lib;C:\Program Files\IBM\WebSphere MQ\java\lib64;C:\Windows\system32;C:\Windows;C:\Windows\System32\Wbem;C:\Windows\System32\WindowsPowerShell\v1.0\;C:\Windows\System32\OpenSSH\;C:\Program Files\java\jdk1.8.0_65\bin;C:\Program Files\java\apache-maven-3.6.3\bin;C:\Program Files\nodejs\;C:\Program Files\Git\cmd;C:\Program Files\Docker\Docker\resources\bin;C:\ProgramData\DockerDesktop\version-bin;C:\Program Files\IBM\WebSphere MQ\bin64;C:\Program Files\IBM\WebSphere MQ\bin;C:\Program Files\IBM\WebSphere MQ\tools\c\samples\bin;C:\gradle\gradle-7.0.2\bin;C:\Program Files\Amazon\AWSCLIV2\;C:\Users\Lenovo\AppData\Local\Microsoft\WindowsApps;;C:\Users\Lenovo\AppData\Local\Programs\Microsoft VS Code\bin;C:\Users\Lenovo\AppData\Roaming\npm;C:\Program Files\eclipse;
USERNAME=Lenovo
OS=Windows_NT
PROCESSOR_IDENTIFIER=Intel64 Family 6 Model 142 Stepping 12, GenuineIntel



---------------  S Y S T E M  ---------------

OS: Windows 10.0 , 64 bit Build 19041 (10.0.19041.1023)

CPU:total 8 (4 cores per cpu, 2 threads per core) family 6 model 142 stepping 12, cmov, cx8, fxsr, mmx, sse, sse2, sse3, ssse3, sse4.1, sse4.2, popcnt, avx, avx2, aes, clmul, erms, 3dnowpref, lzcnt, ht, tsc, tscinvbit, bmi1, bmi2, adx

Memory: 4k page, physical 20848884k(10479960k free), swap 23994612k(6917892k free)

vm_info: Java HotSpot(TM) 64-Bit Server VM (25.65-b01) for windows-amd64 JRE (1.8.0_65-b17), built on Oct  6 2015 16:39:20 by "java_re" with MS VC++ 10.0 (VS2010)

time: Sun Jun 27 16:41:01 2021
elapsed time: 2945 seconds (0d 0h 49m 5s)

